 * Serving Flask app 'dashboard'
 * Debug mode: off
 * Serving Flask app 'dashboard'
 * Debug mode: off
 * Serving Flask app 'dashboard'
 * Debug mode: off
 * Serving Flask app 'dashboard'
 * Debug mode: off
 * Serving Flask app 'dashboard'
 * Debug mode: off
 * Serving Flask app 'dashboard'
 * Debug mode: off
 * Serving Flask app 'dashboard'
 * Debug mode: off
 * Serving Flask app 'dashboard'
 * Debug mode: off
 * Serving Flask app 'dashboard'
 * Debug mode: off
 * Serving Flask app 'dashboard'
 * Debug mode: off
 * Serving Flask app 'dashboard'
 * Debug mode: off
 * Serving Flask app 'dashboard'
 * Debug mode: off
 * Serving Flask app 'dashboard'
 * Debug mode: off
 * Serving Flask app 'dashboard'
 * Debug mode: off
 * Serving Flask app 'dashboard'
 * Debug mode: off
 * Serving Flask app 'dashboard'
 * Debug mode: off
 * Serving Flask app 'dashboard'
 * Debug mode: off
📡 Downloading EPG data...
📡 Downloading EPG data...
📡 Downloading EPG data...
📡 Downloading EPG data...
 * Serving Flask app 'dashboard'
 * Debug mode: off
 * Serving Flask app 'dashboard'
 * Debug mode: off
📡 Downloading EPG data...
📡 Downloading EPG data...
📡 Downloading EPG data...
📡 Downloading EPG data...
📡 Downloading EPG data...
📡 Downloading EPG data...
📡 Downloading EPG data...
📡 Downloading EPG data...
 * Serving Flask app 'dashboard'
 * Debug mode: off
 * Serving Flask app 'dashboard'
 * Debug mode: off
📡 Downloading EPG data...
📡 Downloading EPG data...
📡 Downloading EPG data...
📡 Downloading EPG data...
📡 Downloading EPG data...
📡 Downloading EPG data...
📡 Downloading EPG data...
 * Serving Flask app 'dashboard'
 * Debug mode: off
 * Serving Flask app 'dashboard'
 * Debug mode: off
📡 Downloading EPG data...
📡 Downloading EPG data...
📡 Downloading EPG data...
📡 Downloading EPG data...
📡 Downloading EPG data...
📡 Downloading EPG data...
📡 Downloading EPG data...
📡 Downloading EPG data...
📡 Downloading EPG data...
📡 Downloading EPG data...
📡 Downloading EPG data...
📡 Downloading EPG data...
📡 Downloading EPG data...
📡 Downloading EPG data...
📡 Downloading EPG data...
 * Serving Flask app 'dashboard'
 * Debug mode: off
📡 Downloading EPG data...
📡 Downloading EPG data...
📡 Downloading EPG data...
📡 Downloading EPG data...
📡 Downloading EPG data...
📡 Downloading EPG data...
📡 Downloading EPG data...
📡 Downloading EPG data...
📡 Downloading EPG data...
📡 Downloading EPG data...
📡 Downloading EPG data...
📡 Downloading EPG data...
📡 Downloading EPG data...
📡 Downloading EPG data...
📡 Downloading EPG data...
📡 Downloading EPG data...
📡 Downloading EPG data...
📡 Downloading EPG data...
📡 Downloading EPG data...
📡 Downloading EPG data...
📡 Downloading EPG data...
📡 Downloading EPG data...
📡 Downloading EPG data...
📡 Downloading EPG data...
📡 Downloading EPG data...
📡 Downloading EPG data...
📡 Downloading EPG data...
📡 Downloading EPG data...
📡 Downloading EPG data...
📡 Downloading EPG data...
📡 Downloading EPG data...
📡 Downloading EPG data...
📡 Downloading EPG data...
📡 Downloading EPG data...
📡 Downloading EPG data...
📡 Downloading EPG data...
📡 Downloading EPG data...
📡 Downloading EPG data...
📡 Downloading EPG data...
📡 Downloading EPG data...
📡 Downloading EPG data...
📡 Downloading EPG data...
📡 Downloading EPG data...
📡 Downloading EPG data...
📡 Downloading EPG data...
📡 Downloading EPG data...
📡 Downloading EPG data...
📡 Downloading EPG data...
📡 Downloading EPG data...
📡 Downloading EPG data...
📡 Downloading EPG data...
📡 Downloading EPG data...
📡 Downloading EPG data...
📡 Downloading EPG data...
📡 Downloading EPG data...
📡 Downloading EPG data...
📡 Downloading EPG data...
Error fetching NCAA: HTTPConnectionPool(host='site.api.espn.com', port=80): Read timed out. (read timeout=5)
📡 Downloading EPG data...
📡 Downloading EPG data...
📡 Downloading EPG data...
Changing to channel 0166...
  Sending digit: 0
  Sending digit: 1
  Sending digit: 6
  Sending digit: 6
✅ Sent channel 0166
📡 Downloading EPG data...
📡 Downloading EPG data...
📡 Downloading EPG data...
📡 Downloading EPG data...
📡 Downloading EPG data...
📡 Downloading EPG data...
📡 Downloading EPG data...
📡 Downloading EPG data...
📡 Downloading EPG data...
📡 Downloading EPG data...
📡 Downloading EPG data...
📡 Downloading EPG data...
📡 Downloading EPG data...
📡 Downloading EPG data...
📡 Downloading EPG data...
📡 Downloading EPG data...
📡 Downloading EPG data...
📡 Downloading EPG data...
📡 Downloading EPG data...
