VSeeBox Background Monitor
Logging to: /Users/apple/apex-exotics/sports-monitor/data/peer_changes.log
Monitoring 192.168.100.55 on en9
Press Ctrl+C to stop

20:41:33 - 13 peers (warming up)
20:41:39 - 1 peers (warming up)
20:41:44 - 7 peers (warming up)
20:41:50 - 8 peers, 50% overlap
20:41:55 - 1 peers, 0% overlap
20:42:01 - 1 peers, 9% overlap
20:42:07 - 9 peers, 36% overlap
20:42:12 - 6 peers, 36% overlap
20:42:18 - 2 peers, 18% overlap
20:42:23 - 3 peers, 17% overlap
20:42:29 - 11 peers, 54% overlap
20:42:34 - 1 peers, 9% overlap
20:42:39 - 10 peers, 75% overlap
20:42:45 - 2 peers, 17% overlap
20:42:50 - 9 peers, 90% overlap
20:42:56 - 17 peers, 50% overlap
20:43:01 - 11 peers, 56% overlap
20:43:07 - 9 peers, 42% overlap
20:43:12 - 1 peers, 5% overlap
20:43:18 - 6 peers, 36% overlap
20:43:24 - 12 peers, 53% overlap
20:43:29 - 1 peers, 8% overlap
20:43:35 - 9 peers, 38% overlap
20:43:41 - 10 peers, 47% overlap
20:43:46 - 4 peers, 29% overlap
20:43:51 - 2 peers, 14% overlap
20:43:57 - 7 peers, 55% overlap
20:44:02 - 6 peers, 56% overlap
20:44:08 - 9 peers, 50% overlap
20:44:14 - 1 peers, 8% overlap
20:44:19 - 8 peers, 64% overlap
20:44:25 - 7 peers, 64% overlap
20:44:30 - 3 peers, 22% overlap
20:44:36 - 9 peers, 64% overlap
20:44:47 - 9 peers, 46% overlap
20:44:52 - 5 peers, 38% overlap
20:44:57 - 1 peers, 8% overlap
20:45:03 - 1 peers, 10% overlap
20:45:09 - 12 peers, 38% overlap
20:45:14 - 11 peers, 35% overlap
20:45:20 - 1 peers, 6% overlap
20:45:25 - 5 peers, 22% overlap
20:45:31 - 5 peers, 42% overlap
20:45:36 - 8 peers, 67% overlap
20:45:42 - 4 peers, 44% overlap
20:45:48 - 12 peers, 54% overlap
20:45:53 - 4 peers, 31% overlap
20:45:59 - 10 peers, 38% overlap
20:46:04 - 12 peers, 33% overlap
20:46:09 - 5 peers, 17% overlap
2026-03-08T20:46:09.945784: Channel change detected (5 peers)
20:46:15 - 3 peers, 17% overlap
20:46:26 - 7 peers, 24% overlap
20:46:37 - 8 peers, 38% overlap
20:46:43 - 2 peers, 18% overlap
20:46:48 - 1 peers, 0% overlap
20:46:54 - 3 peers, 33% overlap
20:46:59 - 10 peers, 50% overlap
20:47:05 - 6 peers, 45% overlap
20:47:10 - 6 peers, 42% overlap
20:47:27 - 8 peers, 33% overlap
20:47:32 - 10 peers, 53% overlap
20:47:48 - 13 peers, 35% overlap
20:47:54 - 6 peers, 25% overlap
20:48:00 - 10 peers, 56% overlap
20:48:05 - 7 peers, 25% overlap
20:48:11 - 8 peers, 25% overlap
20:48:16 - 1 peers, 6% overlap
20:48:22 - 8 peers, 24% overlap
20:48:28 - 10 peers, 47% overlap
20:48:38 - 4 peers, 21% overlap
20:48:44 - 6 peers, 25% overlap
20:48:50 - 6 peers, 17% overlap
2026-03-08T20:48:50.231913: Channel change detected (6 peers)
20:49:00 - 18 peers, 45% overlap
20:49:06 - 4 peers, 20% overlap
20:49:12 - 4 peers, 9% overlap
20:49:17 - 4 peers, 14% overlap
20:49:23 - 10 peers, 6% overlap
2026-03-08T20:49:23.789811: Channel change detected (10 peers)
20:49:29 - 5 peers, 24% overlap
20:49:35 - 6 peers, 11% overlap
2026-03-08T20:49:35.052261: Channel change detected (6 peers)
20:49:40 - 9 peers, 33% overlap
20:49:46 - 15 peers, 50% overlap
20:49:51 - 7 peers, 25% overlap
20:49:57 - 7 peers, 24% overlap
20:50:02 - 6 peers, 25% overlap
20:50:08 - 1 peers, 7% overlap
20:50:14 - 4 peers, 14% overlap
20:50:20 - 13 peers, 44% overlap
20:50:25 - 1 peers, 7% overlap
20:50:31 - 2 peers, 13% overlap
20:50:36 - 9 peers, 44% overlap
20:50:53 - 15 peers, 39% overlap
20:51:04 - 2 peers, 11% overlap
20:51:10 - 5 peers, 28% overlap
20:51:22 - 2 peers, 12% overlap
20:51:28 - 8 peers, 17% overlap
2026-03-08T20:51:28.053918: Channel change detected (8 peers)
20:51:33 - 5 peers, 14% overlap
2026-03-08T20:51:33.856024: Channel change detected (5 peers)
20:51:39 - 2 peers, 0% overlap
20:51:45 - 9 peers, 38% overlap
20:51:56 - 2 peers, 15% overlap
20:52:01 - 4 peers, 17% overlap
20:52:06 - 3 peers, 27% overlap
20:52:12 - 9 peers, 8% overlap
2026-03-08T20:52:12.510413: Channel change detected (9 peers)
20:52:18 - 17 peers, 32% overlap
20:52:23 - 9 peers, 20% overlap
20:52:29 - 10 peers, 25% overlap
20:52:34 - 11 peers, 41% overlap
20:52:40 - 2 peers, 10% overlap
20:52:45 - 20 peers, 57% overlap
20:52:51 - 1 peers, 5% overlap
20:52:57 - 7 peers, 29% overlap
20:53:02 - 4 peers, 14% overlap
20:53:08 - 11 peers, 22% overlap
20:53:13 - 10 peers, 33% overlap
20:53:19 - 1 peers, 6% overlap
20:53:24 - 10 peers, 18% overlap
2026-03-08T20:53:24.800005: Channel change detected (10 peers)
20:53:36 - 3 peers, 5% overlap
20:53:47 - 5 peers, 21% overlap
20:53:58 - 3 peers, 13% overlap
20:54:04 - 6 peers, 15% overlap
2026-03-08T20:54:04.452226: Channel change detected (6 peers)
20:54:09 - 8 peers, 38% overlap
20:54:20 - 12 peers, 32% overlap
20:54:26 - 1 peers, 6% overlap
20:54:31 - 3 peers, 11% overlap
20:54:37 - 3 peers, 6% overlap
20:54:43 - 13 peers, 19% overlap
2026-03-08T20:54:43.625591: Channel change detected (13 peers)
20:54:49 - 9 peers, 25% overlap
20:54:54 - 5 peers, 10% overlap
2026-03-08T20:54:54.530350: Channel change detected (5 peers)
20:54:59 - 6 peers, 17% overlap
2026-03-08T20:54:59.890259: Channel change detected (6 peers)
20:55:05 - 7 peers, 33% overlap
20:55:11 - 2 peers, 7% overlap
20:55:17 - 3 peers, 7% overlap
20:55:28 - 6 peers, 14% overlap
2026-03-08T20:55:28.793027: Channel change detected (6 peers)
20:55:34 - 7 peers, 14% overlap
2026-03-08T20:55:34.785854: Channel change detected (7 peers)
20:55:40 - 3 peers, 13% overlap
20:55:46 - 5 peers, 20% overlap
20:55:52 - 19 peers, 33% overlap
20:55:57 - 2 peers, 10% overlap
20:56:03 - 5 peers, 14% overlap
2026-03-08T20:56:03.707825: Channel change detected (5 peers)
20:56:09 - 11 peers, 39% overlap
20:56:15 - 17 peers, 43% overlap
20:56:20 - 4 peers, 19% overlap
20:56:26 - 6 peers, 24% overlap
20:56:38 - 1 peers, 5% overlap
20:56:43 - 11 peers, 19% overlap
2026-03-08T20:56:43.671558: Channel change detected (11 peers)
20:57:00 - 6 peers, 18% overlap
2026-03-08T20:57:00.248356: Channel change detected (6 peers)
20:57:05 - 4 peers, 19% overlap
20:57:11 - 2 peers, 6% overlap
20:57:17 - 10 peers, 20% overlap
20:57:23 - 8 peers, 33% overlap
20:57:29 - 7 peers, 22% overlap
20:57:34 - 13 peers, 25% overlap
20:57:40 - 8 peers, 23% overlap
20:57:46 - 7 peers, 30% overlap
20:57:51 - 5 peers, 28% overlap
20:57:57 - 15 peers, 42% overlap
20:58:03 - 3 peers, 18% overlap
20:58:08 - 5 peers, 16% overlap
2026-03-08T20:58:08.698410: Channel change detected (5 peers)
20:58:14 - 1 peers, 6% overlap
20:58:20 - 18 peers, 14% overlap
2026-03-08T20:58:20.034113: Channel change detected (18 peers)
20:58:25 - 2 peers, 10% overlap
20:58:31 - 4 peers, 10% overlap
20:58:36 - 4 peers, 9% overlap
20:58:42 - 4 peers, 9% overlap
20:58:47 - 15 peers, 25% overlap
20:58:53 - 1 peers, 6% overlap
20:58:59 - 4 peers, 12% overlap
20:59:04 - 4 peers, 11% overlap
20:59:10 - 9 peers, 42% overlap
20:59:16 - 7 peers, 27% overlap
20:59:21 - 4 peers, 12% overlap
20:59:27 - 8 peers, 28% overlap
20:59:32 - 2 peers, 6% overlap
20:59:38 - 2 peers, 15% overlap
20:59:43 - 6 peers, 42% overlap
20:59:49 - 16 peers, 33% overlap
20:59:55 - 6 peers, 26% overlap
21:00:00 - 9 peers, 29% overlap
21:00:06 - 4 peers, 14% overlap
21:00:18 - 6 peers, 11% overlap
2026-03-08T21:00:18.111034: Channel change detected (6 peers)
21:00:23 - 4 peers, 18% overlap
21:00:29 - 11 peers, 10% overlap
2026-03-08T21:00:29.329185: Channel change detected (11 peers)
21:00:34 - 5 peers, 16% overlap
2026-03-08T21:00:34.728702: Channel change detected (5 peers)
21:00:40 - 9 peers, 25% overlap
21:00:46 - 2 peers, 11% overlap
21:00:51 - 18 peers, 38% overlap
21:01:03 - 7 peers, 17% overlap
2026-03-08T21:01:03.428549: Channel change detected (7 peers)
21:01:09 - 7 peers, 16% overlap
2026-03-08T21:01:09.317153: Channel change detected (7 peers)
21:01:14 - 1 peers, 4% overlap
21:01:20 - 14 peers, 23% overlap
21:01:25 - 7 peers, 19% overlap
2026-03-08T21:01:25.937144: Channel change detected (7 peers)
21:01:31 - 15 peers, 39% overlap
21:01:36 - 14 peers, 42% overlap
21:01:42 - 15 peers, 52% overlap
21:01:48 - 14 peers, 52% overlap
21:01:54 - 7 peers, 35% overlap
21:01:59 - 8 peers, 42% overlap
21:02:05 - 2 peers, 11% overlap
21:02:11 - 8 peers, 24% overlap
21:02:16 - 13 peers, 47% overlap
21:02:27 - 1 peers, 6% overlap
21:02:32 - 6 peers, 22% overlap
21:02:43 - 2 peers, 6% overlap
21:02:49 - 5 peers, 0% overlap
2026-03-08T21:02:49.474088: Channel change detected (5 peers)
21:02:54 - 5 peers, 21% overlap
21:03:00 - 1 peers, 10% overlap
21:03:06 - 1 peers, 11% overlap
21:03:11 - 13 peers, 36% overlap
21:03:22 - 5 peers, 6% overlap
2026-03-08T21:03:22.906860: Channel change detected (5 peers)
21:03:28 - 8 peers, 32% overlap
21:03:33 - 5 peers, 20% overlap
21:03:39 - 1 peers, 8% overlap
21:03:45 - 6 peers, 12% overlap
2026-03-08T21:03:45.346273: Channel change detected (6 peers)
21:03:50 - 9 peers, 19% overlap
2026-03-08T21:03:50.526688: Channel change detected (9 peers)
21:03:56 - 5 peers, 21% overlap
21:04:01 - 2 peers, 14% overlap
21:04:06 - 9 peers, 54% overlap
21:04:12 - 9 peers, 36% overlap
21:04:17 - 12 peers, 30% overlap
21:04:23 - 1 peers, 5% overlap
21:04:28 - 8 peers, 37% overlap
21:04:34 - 14 peers, 32% overlap
21:04:39 - 3 peers, 11% overlap
21:04:45 - 8 peers, 30% overlap
21:04:50 - 11 peers, 33% overlap
21:04:56 - 3 peers, 11% overlap
21:05:07 - 4 peers, 17% overlap
21:05:13 - 11 peers, 33% overlap
21:05:18 - 6 peers, 31% overlap
21:05:23 - 12 peers, 53% overlap
21:05:28 - 8 peers, 50% overlap
21:05:34 - 12 peers, 62% overlap
21:05:40 - 3 peers, 12% overlap
21:05:45 - 3 peers, 6% overlap
21:05:51 - 4 peers, 19% overlap
21:05:57 - 7 peers, 25% overlap
21:06:03 - 2 peers, 18% overlap
21:06:14 - 4 peers, 18% overlap
21:06:25 - 7 peers, 23% overlap
21:06:31 - 1 peers, 9% overlap
21:06:36 - 3 peers, 18% overlap
21:06:42 - 3 peers, 20% overlap
21:06:48 - 3 peers, 0% overlap
21:06:53 - 2 peers, 11% overlap
21:06:58 - 5 peers, 30% overlap
21:07:10 - 4 peers, 9% overlap
21:07:15 - 7 peers, 23% overlap
21:07:26 - 1 peers, 8% overlap
21:07:31 - 4 peers, 17% overlap
21:07:37 - 9 peers, 12% overlap
2026-03-08T21:07:37.556076: Channel change detected (9 peers)
21:07:43 - 3 peers, 14% overlap
21:07:48 - 9 peers, 38% overlap
21:07:54 - 9 peers, 20% overlap
21:07:59 - 1 peers, 6% overlap
21:08:05 - 10 peers, 19% overlap
2026-03-08T21:08:05.668098: Channel change detected (10 peers)
21:08:11 - 7 peers, 10% overlap
2026-03-08T21:08:11.365232: Channel change detected (7 peers)
21:08:17 - 16 peers, 48% overlap
21:08:22 - 3 peers, 4% overlap
21:08:34 - 13 peers, 48% overlap
21:08:40 - 6 peers, 23% overlap
21:08:45 - 11 peers, 40% overlap
21:08:51 - 6 peers, 33% overlap
21:08:57 - 17 peers, 41% overlap
21:09:02 - 4 peers, 13% overlap
21:09:08 - 2 peers, 10% overlap
21:09:14 - 4 peers, 10% overlap
21:09:25 - 1 peers, 11% overlap
21:09:30 - 8 peers, 27% overlap
21:09:36 - 3 peers, 8% overlap
21:09:41 - 1 peers, 10% overlap
21:09:53 - 6 peers, 14% overlap
2026-03-08T21:09:53.237003: Channel change detected (6 peers)
21:09:59 - 5 peers, 18% overlap
2026-03-08T21:09:59.186445: Channel change detected (5 peers)
21:10:05 - 11 peers, 31% overlap
21:10:10 - 10 peers, 30% overlap
21:10:16 - 5 peers, 14% overlap
2026-03-08T21:10:16.753086: Channel change detected (5 peers)
21:10:22 - 3 peers, 10% overlap
21:10:28 - 2 peers, 7% overlap
21:10:34 - 5 peers, 0% overlap
2026-03-08T21:10:34.374057: Channel change detected (5 peers)
21:10:40 - 19 peers, 27% overlap
21:10:45 - 17 peers, 65% overlap
21:10:51 - 3 peers, 14% overlap
21:10:56 - 13 peers, 52% overlap
21:11:02 - 12 peers, 52% overlap
21:11:13 - 6 peers, 16% overlap
2026-03-08T21:11:13.832905: Channel change detected (6 peers)
21:11:19 - 2 peers, 5% overlap
21:11:30 - 4 peers, 11% overlap
21:11:47 - 14 peers, 25% overlap
21:11:53 - 4 peers, 22% overlap
21:11:59 - 2 peers, 6% overlap
21:12:04 - 6 peers, 17% overlap
2026-03-08T21:12:04.959196: Channel change detected (6 peers)
21:12:10 - 5 peers, 8% overlap
2026-03-08T21:12:10.758856: Channel change detected (5 peers)
21:12:16 - 5 peers, 33% overlap
21:12:27 - 6 peers, 13% overlap
2026-03-08T21:12:27.493773: Channel change detected (6 peers)
21:12:33 - 3 peers, 13% overlap
21:12:43 - 6 peers, 42% overlap
21:12:49 - 1 peers, 9% overlap
21:12:54 - 4 peers, 33% overlap
21:13:17 - 3 peers, 10% overlap
21:13:28 - 1 peers, 12% overlap
21:13:33 - 9 peers, 14% overlap
2026-03-08T21:13:33.321421: Channel change detected (9 peers)
21:13:39 - 4 peers, 7% overlap
21:13:45 - 2 peers, 8% overlap
21:13:56 - 10 peers, 21% overlap
21:14:01 - 3 peers, 7% overlap
21:14:07 - 9 peers, 24% overlap
21:14:12 - 6 peers, 28% overlap
21:14:18 - 10 peers, 29% overlap
21:14:24 - 2 peers, 12% overlap
21:14:30 - 3 peers, 25% overlap
21:14:41 - 12 peers, 47% overlap
21:14:46 - 11 peers, 28% overlap
21:14:52 - 5 peers, 15% overlap
2026-03-08T21:14:52.445661: Channel change detected (5 peers)
21:14:58 - 9 peers, 32% overlap
21:15:03 - 5 peers, 24% overlap
21:15:14 - 8 peers, 27% overlap
21:15:20 - 7 peers, 29% overlap
21:15:25 - 3 peers, 17% overlap
21:15:31 - 10 peers, 16% overlap
2026-03-08T21:15:31.588355: Channel change detected (10 peers)
21:15:37 - 2 peers, 13% overlap
21:15:42 - 3 peers, 27% overlap
21:15:47 - 5 peers, 33% overlap
21:15:53 - 2 peers, 33% overlap
21:15:58 - 3 peers, 29% overlap
21:16:03 - 6 peers, 33% overlap
